2022-09-21 06:23:17,694 [Worker-4: Loading available Gradle versions] INFO  c.g.t.t.d.PublishedGradleVersions - Gradle version information cache is out-of-date. Trying to update.
2022-09-21 06:23:51,298 [Worker-9: Building workspace] INFO  o.e.m.c.i.l.LifecycleMappingFactory - Using org.maven.ide.eclipse.wtp.WarLifecycleMapping lifecycle mapping for MavenProject: WebDB_Sample:WebDB_Sample:0.0.1-SNAPSHOT @ C:\0_SSAFY\2_workspace\1_java\Backbone_RyeoRyeo\algo_study\WebDB_Sample\pom.xml.
2022-09-21 06:23:52,819 [Worker-9: Building workspace] WARN  o.e.m.c.i.embedder.EclipseLogger - Using platform encoding (UTF-8 actually) to copy filtered resources, i.e. build is platform dependent!
2022-09-21 06:23:52,820 [Worker-9: Building workspace] INFO  o.e.m.c.i.embedder.EclipseLogger - skip non existing resourceDirectory C:\0_SSAFY\2_workspace\1_java\Backbone_RyeoRyeo\algo_study\WebDB_Sample\src\main\resources
2022-09-21 06:23:52,971 [Worker-9: Building workspace] WARN  o.e.m.c.i.embedder.EclipseLogger - Using platform encoding (UTF-8 actually) to copy filtered resources, i.e. build is platform dependent!
2022-09-21 06:23:52,972 [Worker-9: Building workspace] INFO  o.e.m.c.i.embedder.EclipseLogger - skip non existing resourceDirectory C:\0_SSAFY\2_workspace\1_java\Backbone_RyeoRyeo\algo_study\WebDB_Sample\src\test\resources
2022-09-21 06:23:52,972 [Worker-13: Updating Maven Dependencies] INFO  o.e.m.c.i.l.LifecycleMappingFactory - Using org.maven.ide.eclipse.wtp.WarLifecycleMapping lifecycle mapping for MavenProject: WebDB_Sample:WebDB_Sample:0.0.1-SNAPSHOT @ C:\0_SSAFY\2_workspace\1_java\Backbone_RyeoRyeo\algo_study\WebDB_Sample\pom.xml.
2022-09-21 06:23:53,141 [Worker-13: Updating Maven Dependencies] INFO  o.e.m.c.i.l.LifecycleMappingFactory - Using org.maven.ide.eclipse.wtp.WarLifecycleMapping lifecycle mapping for MavenProject: WebDB_Sample:WebDB_Sample:0.0.1-SNAPSHOT @ C:\0_SSAFY\2_workspace\1_java\Backbone_RyeoRyeo\algo_study\WebDB_Sample_Old\pom.xml.
2022-09-21 06:23:53,946 [Worker-9: Building workspace] WARN  o.e.m.c.i.embedder.EclipseLogger - Using platform encoding (UTF-8 actually) to copy filtered resources, i.e. build is platform dependent!
2022-09-21 06:23:53,948 [Worker-9: Building workspace] INFO  o.e.m.c.i.embedder.EclipseLogger - skip non existing resourceDirectory C:\0_SSAFY\2_workspace\1_java\Backbone_RyeoRyeo\algo_study\WebDB_Sample\src\main\resources
2022-09-21 06:23:53,948 [Worker-9: Building workspace] WARN  o.e.m.c.i.embedder.EclipseLogger - Using platform encoding (UTF-8 actually) to copy filtered resources, i.e. build is platform dependent!
2022-09-21 06:23:53,949 [Worker-9: Building workspace] INFO  o.e.m.c.i.embedder.EclipseLogger - skip non existing resourceDirectory C:\0_SSAFY\2_workspace\1_java\Backbone_RyeoRyeo\algo_study\WebDB_Sample\src\test\resources
2022-09-21 06:23:53,968 [Worker-9: Building workspace] WARN  o.e.m.c.i.embedder.EclipseLogger - Using platform encoding (UTF-8 actually) to copy filtered resources, i.e. build is platform dependent!
2022-09-21 06:23:53,969 [Worker-9: Building workspace] INFO  o.e.m.c.i.embedder.EclipseLogger - skip non existing resourceDirectory C:\0_SSAFY\2_workspace\1_java\Backbone_RyeoRyeo\algo_study\WebDB_Sample_Old\src\main\resources
2022-09-21 06:23:53,969 [Worker-9: Building workspace] WARN  o.e.m.c.i.embedder.EclipseLogger - Using platform encoding (UTF-8 actually) to copy filtered resources, i.e. build is platform dependent!
2022-09-21 06:23:53,970 [Worker-9: Building workspace] INFO  o.e.m.c.i.embedder.EclipseLogger - skip non existing resourceDirectory C:\0_SSAFY\2_workspace\1_java\Backbone_RyeoRyeo\algo_study\WebDB_Sample_Old\src\test\resources
2022-09-21 06:25:44,725 [Worker-0: Building workspace] INFO  o.e.m.c.i.l.LifecycleMappingFactory - Using org.maven.ide.eclipse.wtp.WarLifecycleMapping lifecycle mapping for MavenProject: WebDB_Sample:WebDB_Sample:0.0.1-SNAPSHOT @ C:\0_SSAFY\2_workspace\1_java\Backbone_RyeoRyeo\algo_study\WebDB_Sample_hw1\pom.xml.
2022-09-21 06:25:44,780 [Worker-0: Building workspace] WARN  o.e.m.c.i.embedder.EclipseLogger - Using platform encoding (UTF-8 actually) to copy filtered resources, i.e. build is platform dependent!
2022-09-21 06:25:44,781 [Worker-0: Building workspace] INFO  o.e.m.c.i.embedder.EclipseLogger - skip non existing resourceDirectory C:\0_SSAFY\2_workspace\1_java\Backbone_RyeoRyeo\algo_study\WebDB_Sample_hw1\src\main\resources
2022-09-21 06:25:44,782 [Worker-0: Building workspace] WARN  o.e.m.c.i.embedder.EclipseLogger - Using platform encoding (UTF-8 actually) to copy filtered resources, i.e. build is platform dependent!
2022-09-21 06:25:44,783 [Worker-0: Building workspace] INFO  o.e.m.c.i.embedder.EclipseLogger - skip non existing resourceDirectory C:\0_SSAFY\2_workspace\1_java\Backbone_RyeoRyeo\algo_study\WebDB_Sample_hw1\src\test\resources
2022-09-21 06:25:45,895 [Worker-1: Building workspace] WARN  o.e.m.c.i.embedder.EclipseLogger - Using platform encoding (UTF-8 actually) to copy filtered resources, i.e. build is platform dependent!
2022-09-21 06:25:45,896 [Worker-1: Building workspace] INFO  o.e.m.c.i.embedder.EclipseLogger - skip non existing resourceDirectory C:\0_SSAFY\2_workspace\1_java\Backbone_RyeoRyeo\algo_study\WebDB_Sample_hw1\src\main\resources
2022-09-21 06:25:45,897 [Worker-1: Building workspace] WARN  o.e.m.c.i.embedder.EclipseLogger - Using platform encoding (UTF-8 actually) to copy filtered resources, i.e. build is platform dependent!
2022-09-21 06:25:45,897 [Worker-1: Building workspace] INFO  o.e.m.c.i.embedder.EclipseLogger - skip non existing resourceDirectory C:\0_SSAFY\2_workspace\1_java\Backbone_RyeoRyeo\algo_study\WebDB_Sample_hw1\src\test\resources
2022-09-21 06:25:56,217 [Worker-10: Building workspace] INFO  o.e.m.c.i.l.LifecycleMappingFactory - Using org.maven.ide.eclipse.wtp.WarLifecycleMapping lifecycle mapping for MavenProject: WebDB_Sample:WebDB_Sample:0.0.1-SNAPSHOT @ C:\0_SSAFY\2_workspace\1_java\Backbone_RyeoRyeo\algo_study\WebDB_Sample_hw2\pom.xml.
2022-09-21 06:25:56,246 [Worker-10: Building workspace] WARN  o.e.m.c.i.embedder.EclipseLogger - Using platform encoding (UTF-8 actually) to copy filtered resources, i.e. build is platform dependent!
2022-09-21 06:25:56,247 [Worker-10: Building workspace] INFO  o.e.m.c.i.embedder.EclipseLogger - skip non existing resourceDirectory C:\0_SSAFY\2_workspace\1_java\Backbone_RyeoRyeo\algo_study\WebDB_Sample_hw2\src\main\resources
2022-09-21 06:25:56,248 [Worker-10: Building workspace] WARN  o.e.m.c.i.embedder.EclipseLogger - Using platform encoding (UTF-8 actually) to copy filtered resources, i.e. build is platform dependent!
2022-09-21 06:25:56,249 [Worker-10: Building workspace] INFO  o.e.m.c.i.embedder.EclipseLogger - skip non existing resourceDirectory C:\0_SSAFY\2_workspace\1_java\Backbone_RyeoRyeo\algo_study\WebDB_Sample_hw2\src\test\resources
2022-09-21 06:25:57,408 [Worker-11: Building workspace] WARN  o.e.m.c.i.embedder.EclipseLogger - Using platform encoding (UTF-8 actually) to copy filtered resources, i.e. build is platform dependent!
2022-09-21 06:25:57,408 [Worker-11: Building workspace] INFO  o.e.m.c.i.embedder.EclipseLogger - skip non existing resourceDirectory C:\0_SSAFY\2_workspace\1_java\Backbone_RyeoRyeo\algo_study\WebDB_Sample_hw2\src\main\resources
2022-09-21 06:25:57,409 [Worker-11: Building workspace] WARN  o.e.m.c.i.embedder.EclipseLogger - Using platform encoding (UTF-8 actually) to copy filtered resources, i.e. build is platform dependent!
2022-09-21 06:25:57,410 [Worker-11: Building workspace] INFO  o.e.m.c.i.embedder.EclipseLogger - skip non existing resourceDirectory C:\0_SSAFY\2_workspace\1_java\Backbone_RyeoRyeo\algo_study\WebDB_Sample_hw2\src\test\resources
2022-09-21 06:26:03,363 [Worker-15: Building workspace] INFO  o.e.m.c.i.l.LifecycleMappingFactory - Using org.maven.ide.eclipse.wtp.WarLifecycleMapping lifecycle mapping for MavenProject: WebDB_Sample:WebDB_Sample:0.0.1-SNAPSHOT @ C:\0_SSAFY\2_workspace\1_java\Backbone_RyeoRyeo\algo_study\WebDB_Sample_hw3\pom.xml.
2022-09-21 06:26:03,400 [Worker-15: Building workspace] WARN  o.e.m.c.i.embedder.EclipseLogger - Using platform encoding (UTF-8 actually) to copy filtered resources, i.e. build is platform dependent!
2022-09-21 06:26:03,401 [Worker-15: Building workspace] INFO  o.e.m.c.i.embedder.EclipseLogger - skip non existing resourceDirectory C:\0_SSAFY\2_workspace\1_java\Backbone_RyeoRyeo\algo_study\WebDB_Sample_hw3\src\main\resources
2022-09-21 06:26:03,402 [Worker-15: Building workspace] WARN  o.e.m.c.i.embedder.EclipseLogger - Using platform encoding (UTF-8 actually) to copy filtered resources, i.e. build is platform dependent!
2022-09-21 06:26:03,403 [Worker-15: Building workspace] INFO  o.e.m.c.i.embedder.EclipseLogger - skip non existing resourceDirectory C:\0_SSAFY\2_workspace\1_java\Backbone_RyeoRyeo\algo_study\WebDB_Sample_hw3\src\test\resources
2022-09-21 06:26:04,518 [Worker-9: Building workspace] WARN  o.e.m.c.i.embedder.EclipseLogger - Using platform encoding (UTF-8 actually) to copy filtered resources, i.e. build is platform dependent!
2022-09-21 06:26:04,519 [Worker-9: Building workspace] INFO  o.e.m.c.i.embedder.EclipseLogger - skip non existing resourceDirectory C:\0_SSAFY\2_workspace\1_java\Backbone_RyeoRyeo\algo_study\WebDB_Sample_hw3\src\main\resources
2022-09-21 06:26:04,519 [Worker-9: Building workspace] WARN  o.e.m.c.i.embedder.EclipseLogger - Using platform encoding (UTF-8 actually) to copy filtered resources, i.e. build is platform dependent!
2022-09-21 06:26:04,520 [Worker-9: Building workspace] INFO  o.e.m.c.i.embedder.EclipseLogger - skip non existing resourceDirectory C:\0_SSAFY\2_workspace\1_java\Backbone_RyeoRyeo\algo_study\WebDB_Sample_hw3\src\test\resources
2022-09-21 06:27:03,079 [Worker-9: Building workspace] WARN  o.e.m.c.i.embedder.EclipseLogger - Using platform encoding (UTF-8 actually) to copy filtered resources, i.e. build is platform dependent!
2022-09-21 06:27:03,080 [Worker-9: Building workspace] INFO  o.e.m.c.i.embedder.EclipseLogger - skip non existing resourceDirectory C:\0_SSAFY\2_workspace\1_java\Backbone_RyeoRyeo\algo_study\WebDB_Sample\src\main\resources
2022-09-21 06:27:03,080 [Worker-9: Building workspace] WARN  o.e.m.c.i.embedder.EclipseLogger - Using platform encoding (UTF-8 actually) to copy filtered resources, i.e. build is platform dependent!
2022-09-21 06:27:03,081 [Worker-9: Building workspace] INFO  o.e.m.c.i.embedder.EclipseLogger - skip non existing resourceDirectory C:\0_SSAFY\2_workspace\1_java\Backbone_RyeoRyeo\algo_study\WebDB_Sample\src\test\resources
2022-09-21 06:27:03,086 [Worker-9: Building workspace] WARN  o.e.m.c.i.embedder.EclipseLogger - Using platform encoding (UTF-8 actually) to copy filtered resources, i.e. build is platform dependent!
2022-09-21 06:27:03,087 [Worker-9: Building workspace] INFO  o.e.m.c.i.embedder.EclipseLogger - skip non existing resourceDirectory C:\0_SSAFY\2_workspace\1_java\Backbone_RyeoRyeo\algo_study\WebDB_Sample_Old\src\main\resources
2022-09-21 06:27:03,087 [Worker-9: Building workspace] WARN  o.e.m.c.i.embedder.EclipseLogger - Using platform encoding (UTF-8 actually) to copy filtered resources, i.e. build is platform dependent!
2022-09-21 06:27:03,087 [Worker-9: Building workspace] INFO  o.e.m.c.i.embedder.EclipseLogger - skip non existing resourceDirectory C:\0_SSAFY\2_workspace\1_java\Backbone_RyeoRyeo\algo_study\WebDB_Sample_Old\src\test\resources
2022-09-21 06:27:03,093 [Worker-9: Building workspace] WARN  o.e.m.c.i.embedder.EclipseLogger - Using platform encoding (UTF-8 actually) to copy filtered resources, i.e. build is platform dependent!
2022-09-21 06:27:03,094 [Worker-9: Building workspace] INFO  o.e.m.c.i.embedder.EclipseLogger - skip non existing resourceDirectory C:\0_SSAFY\2_workspace\1_java\Backbone_RyeoRyeo\algo_study\WebDB_Sample_hw1\src\main\resources
2022-09-21 06:27:03,094 [Worker-9: Building workspace] WARN  o.e.m.c.i.embedder.EclipseLogger - Using platform encoding (UTF-8 actually) to copy filtered resources, i.e. build is platform dependent!
2022-09-21 06:27:03,095 [Worker-9: Building workspace] INFO  o.e.m.c.i.embedder.EclipseLogger - skip non existing resourceDirectory C:\0_SSAFY\2_workspace\1_java\Backbone_RyeoRyeo\algo_study\WebDB_Sample_hw1\src\test\resources
2022-09-21 06:27:03,100 [Worker-9: Building workspace] WARN  o.e.m.c.i.embedder.EclipseLogger - Using platform encoding (UTF-8 actually) to copy filtered resources, i.e. build is platform dependent!
2022-09-21 06:27:03,101 [Worker-9: Building workspace] INFO  o.e.m.c.i.embedder.EclipseLogger - skip non existing resourceDirectory C:\0_SSAFY\2_workspace\1_java\Backbone_RyeoRyeo\algo_study\WebDB_Sample_hw2\src\main\resources
2022-09-21 06:27:03,101 [Worker-9: Building workspace] WARN  o.e.m.c.i.embedder.EclipseLogger - Using platform encoding (UTF-8 actually) to copy filtered resources, i.e. build is platform dependent!
2022-09-21 06:27:03,101 [Worker-9: Building workspace] INFO  o.e.m.c.i.embedder.EclipseLogger - skip non existing resourceDirectory C:\0_SSAFY\2_workspace\1_java\Backbone_RyeoRyeo\algo_study\WebDB_Sample_hw2\src\test\resources
2022-09-21 06:27:03,106 [Worker-9: Building workspace] WARN  o.e.m.c.i.embedder.EclipseLogger - Using platform encoding (UTF-8 actually) to copy filtered resources, i.e. build is platform dependent!
2022-09-21 06:27:03,107 [Worker-9: Building workspace] INFO  o.e.m.c.i.embedder.EclipseLogger - skip non existing resourceDirectory C:\0_SSAFY\2_workspace\1_java\Backbone_RyeoRyeo\algo_study\WebDB_Sample_hw3\src\main\resources
2022-09-21 06:27:03,107 [Worker-9: Building workspace] WARN  o.e.m.c.i.embedder.EclipseLogger - Using platform encoding (UTF-8 actually) to copy filtered resources, i.e. build is platform dependent!
2022-09-21 06:27:03,108 [Worker-9: Building workspace] INFO  o.e.m.c.i.embedder.EclipseLogger - skip non existing resourceDirectory C:\0_SSAFY\2_workspace\1_java\Backbone_RyeoRyeo\algo_study\WebDB_Sample_hw3\src\test\resources
2022-09-21 06:28:27,165 [Worker-5: Updating Maven Project] INFO  o.e.m.c.i.p.ProjectConfigurationManager - Update started
2022-09-21 06:28:27,406 [Worker-5: Updating Maven Project] INFO  o.e.m.c.i.l.LifecycleMappingFactory - Using org.maven.ide.eclipse.wtp.WarLifecycleMapping lifecycle mapping for MavenProject: WebDB_Sample:WebDB_Sample:0.0.1-SNAPSHOT @ C:\0_SSAFY\2_workspace\1_java\Backbone_RyeoRyeo\algo_study\WebDB_Sample\pom.xml.
2022-09-21 06:28:27,424 [Worker-5: Updating Maven Project] INFO  o.e.m.c.i.l.LifecycleMappingFactory - Using org.maven.ide.eclipse.wtp.WarLifecycleMapping lifecycle mapping for MavenProject: WebDB_Sample:WebDB_Sample:0.0.1-SNAPSHOT @ C:\0_SSAFY\2_workspace\1_java\Backbone_RyeoRyeo\algo_study\WebDB_Sample_hw1\pom.xml.
2022-09-21 06:28:27,439 [Worker-5: Updating Maven Project] INFO  o.e.m.c.i.l.LifecycleMappingFactory - Using org.maven.ide.eclipse.wtp.WarLifecycleMapping lifecycle mapping for MavenProject: WebDB_Sample:WebDB_Sample:0.0.1-SNAPSHOT @ C:\0_SSAFY\2_workspace\1_java\Backbone_RyeoRyeo\algo_study\WebDB_Sample_hw2\pom.xml.
2022-09-21 06:28:27,454 [Worker-5: Updating Maven Project] INFO  o.e.m.c.i.l.LifecycleMappingFactory - Using org.maven.ide.eclipse.wtp.WarLifecycleMapping lifecycle mapping for MavenProject: WebDB_Sample:WebDB_Sample:0.0.1-SNAPSHOT @ C:\0_SSAFY\2_workspace\1_java\Backbone_RyeoRyeo\algo_study\WebDB_Sample_hw3\pom.xml.
2022-09-21 06:28:27,470 [Worker-5: Updating Maven Project] INFO  o.e.m.c.i.l.LifecycleMappingFactory - Using org.maven.ide.eclipse.wtp.WarLifecycleMapping lifecycle mapping for MavenProject: WebDB_Sample:WebDB_Sample:0.0.1-SNAPSHOT @ C:\0_SSAFY\2_workspace\1_java\Backbone_RyeoRyeo\algo_study\WebDB_Sample_Old\pom.xml.
2022-09-21 06:28:27,842 [Worker-5: Updating Maven Project] INFO  o.e.m.j.i.AbstractJavaProjectConfigurator - Adding source folder /WebDB_Sample/src
2022-09-21 06:28:27,842 [Worker-5: Updating Maven Project] INFO  o.e.m.j.i.AbstractJavaProjectConfigurator - Not adding source folder /WebDB_Sample/src/test/java because it overlaps with /WebDB_Sample/src
2022-09-21 06:28:27,989 [Worker-5: Updating Maven Project] INFO  o.e.m.j.i.AbstractJavaProjectConfigurator - Adding source folder /WebDB_Sample_hw1/src
2022-09-21 06:28:27,989 [Worker-5: Updating Maven Project] INFO  o.e.m.j.i.AbstractJavaProjectConfigurator - Not adding source folder /WebDB_Sample_hw1/src/test/java because it overlaps with /WebDB_Sample_hw1/src
2022-09-21 06:28:28,120 [Worker-5: Updating Maven Project] INFO  o.e.m.j.i.AbstractJavaProjectConfigurator - Adding source folder /WebDB_Sample_hw2/src
2022-09-21 06:28:28,120 [Worker-5: Updating Maven Project] INFO  o.e.m.j.i.AbstractJavaProjectConfigurator - Not adding source folder /WebDB_Sample_hw2/src/test/java because it overlaps with /WebDB_Sample_hw2/src
2022-09-21 06:28:28,228 [Worker-5: Updating Maven Project] INFO  o.e.m.j.i.AbstractJavaProjectConfigurator - Adding source folder /WebDB_Sample_hw3/src
2022-09-21 06:28:28,228 [Worker-5: Updating Maven Project] INFO  o.e.m.j.i.AbstractJavaProjectConfigurator - Not adding source folder /WebDB_Sample_hw3/src/test/java because it overlaps with /WebDB_Sample_hw3/src
2022-09-21 06:28:28,314 [Worker-5: Updating Maven Project] INFO  o.e.m.j.i.AbstractJavaProjectConfigurator - Adding source folder /WebDB_Sample_Old/src
2022-09-21 06:28:28,314 [Worker-5: Updating Maven Project] INFO  o.e.m.j.i.AbstractJavaProjectConfigurator - Not adding source folder /WebDB_Sample_Old/src/test/java because it overlaps with /WebDB_Sample_Old/src
2022-09-21 06:28:28,564 [Worker-5: Updating Maven Project] INFO  o.e.m.w.i.f.ResourceFilteringBuildParticipant - Cleaning filtered folder for WebDB_Sample
2022-09-21 06:28:28,582 [Worker-5: Updating Maven Project] INFO  o.e.m.w.i.f.ResourceFilteringBuildParticipant - Cleaning filtered folder for WebDB_Sample_hw1
2022-09-21 06:28:28,589 [Worker-5: Updating Maven Project] INFO  o.e.m.w.i.f.ResourceFilteringBuildParticipant - Cleaning filtered folder for WebDB_Sample_hw2
2022-09-21 06:28:28,597 [Worker-5: Updating Maven Project] INFO  o.e.m.w.i.f.ResourceFilteringBuildParticipant - Cleaning filtered folder for WebDB_Sample_hw3
2022-09-21 06:28:28,603 [Worker-5: Updating Maven Project] INFO  o.e.m.w.i.f.ResourceFilteringBuildParticipant - Cleaning filtered folder for WebDB_Sample_Old
2022-09-21 06:28:28,606 [Worker-5: Updating Maven Project] INFO  o.e.m.c.i.p.ProjectConfigurationManager - Update completed: 1 sec
2022-09-21 06:28:28,884 [Worker-19: Building workspace] WARN  o.e.m.c.i.embedder.EclipseLogger - Using platform encoding (UTF-8 actually) to copy filtered resources, i.e. build is platform dependent!
2022-09-21 06:28:28,885 [Worker-19: Building workspace] INFO  o.e.m.c.i.embedder.EclipseLogger - skip non existing resourceDirectory C:\0_SSAFY\2_workspace\1_java\Backbone_RyeoRyeo\algo_study\WebDB_Sample\src\main\resources
2022-09-21 06:28:28,885 [Worker-19: Building workspace] WARN  o.e.m.c.i.embedder.EclipseLogger - Using platform encoding (UTF-8 actually) to copy filtered resources, i.e. build is platform dependent!
2022-09-21 06:28:28,886 [Worker-19: Building workspace] INFO  o.e.m.c.i.embedder.EclipseLogger - skip non existing resourceDirectory C:\0_SSAFY\2_workspace\1_java\Backbone_RyeoRyeo\algo_study\WebDB_Sample\src\test\resources
2022-09-21 06:28:28,886 [Worker-19: Building workspace] INFO  o.e.m.w.i.f.ResourceFilteringBuildParticipant - Changed resources require a complete clean of filtered resources of WebDB_Sample
2022-09-21 06:28:28,886 [Worker-19: Building workspace] INFO  o.e.m.w.i.f.ResourceFilteringBuildParticipant - Executing resource filtering for WebDB_Sample
2022-09-21 06:28:28,889 [Worker-19: Building workspace] WARN  o.e.m.c.i.embedder.EclipseLogger - The POM for org.apache.maven.plugins:maven-clean-plugin:jar:2.5 is missing, no dependency information available
2022-09-21 06:28:28,892 [Worker-19: Building workspace] WARN  o.e.m.c.i.embedder.EclipseLogger - Using platform encoding (UTF-8 actually) to copy filtered resources, i.e. build is platform dependent!
2022-09-21 06:28:28,951 [Worker-19: Building workspace] WARN  o.e.m.c.i.embedder.EclipseLogger - Using platform encoding (UTF-8 actually) to copy filtered resources, i.e. build is platform dependent!
2022-09-21 06:28:28,952 [Worker-19: Building workspace] INFO  o.e.m.c.i.embedder.EclipseLogger - skip non existing resourceDirectory C:\0_SSAFY\2_workspace\1_java\Backbone_RyeoRyeo\algo_study\WebDB_Sample_Old\src\main\resources
2022-09-21 06:28:28,952 [Worker-19: Building workspace] WARN  o.e.m.c.i.embedder.EclipseLogger - Using platform encoding (UTF-8 actually) to copy filtered resources, i.e. build is platform dependent!
2022-09-21 06:28:28,953 [Worker-19: Building workspace] INFO  o.e.m.c.i.embedder.EclipseLogger - skip non existing resourceDirectory C:\0_SSAFY\2_workspace\1_java\Backbone_RyeoRyeo\algo_study\WebDB_Sample_Old\src\test\resources
2022-09-21 06:28:28,953 [Worker-19: Building workspace] INFO  o.e.m.w.i.f.ResourceFilteringBuildParticipant - Changed resources require a complete clean of filtered resources of WebDB_Sample_Old
2022-09-21 06:28:28,953 [Worker-19: Building workspace] INFO  o.e.m.w.i.f.ResourceFilteringBuildParticipant - Executing resource filtering for WebDB_Sample_Old
2022-09-21 06:28:28,955 [Worker-19: Building workspace] WARN  o.e.m.c.i.embedder.EclipseLogger - Using platform encoding (UTF-8 actually) to copy filtered resources, i.e. build is platform dependent!
2022-09-21 06:28:29,147 [Worker-19: Building workspace] WARN  o.e.m.c.i.embedder.EclipseLogger - Using platform encoding (UTF-8 actually) to copy filtered resources, i.e. build is platform dependent!
2022-09-21 06:28:29,148 [Worker-19: Building workspace] INFO  o.e.m.c.i.embedder.EclipseLogger - skip non existing resourceDirectory C:\0_SSAFY\2_workspace\1_java\Backbone_RyeoRyeo\algo_study\WebDB_Sample_hw1\src\main\resources
2022-09-21 06:28:29,149 [Worker-19: Building workspace] WARN  o.e.m.c.i.embedder.EclipseLogger - Using platform encoding (UTF-8 actually) to copy filtered resources, i.e. build is platform dependent!
2022-09-21 06:28:29,149 [Worker-19: Building workspace] INFO  o.e.m.c.i.embedder.EclipseLogger - skip non existing resourceDirectory C:\0_SSAFY\2_workspace\1_java\Backbone_RyeoRyeo\algo_study\WebDB_Sample_hw1\src\test\resources
2022-09-21 06:28:29,149 [Worker-19: Building workspace] INFO  o.e.m.w.i.f.ResourceFilteringBuildParticipant - Changed resources require a complete clean of filtered resources of WebDB_Sample_hw1
2022-09-21 06:28:29,149 [Worker-19: Building workspace] INFO  o.e.m.w.i.f.ResourceFilteringBuildParticipant - Executing resource filtering for WebDB_Sample_hw1
2022-09-21 06:28:29,151 [Worker-19: Building workspace] WARN  o.e.m.c.i.embedder.EclipseLogger - Using platform encoding (UTF-8 actually) to copy filtered resources, i.e. build is platform dependent!
2022-09-21 06:28:29,522 [Worker-22: Building workspace] WARN  o.e.m.c.i.embedder.EclipseLogger - Using platform encoding (UTF-8 actually) to copy filtered resources, i.e. build is platform dependent!
2022-09-21 06:28:29,523 [Worker-22: Building workspace] INFO  o.e.m.c.i.embedder.EclipseLogger - skip non existing resourceDirectory C:\0_SSAFY\2_workspace\1_java\Backbone_RyeoRyeo\algo_study\WebDB_Sample_hw2\src\main\resources
2022-09-21 06:28:29,524 [Worker-22: Building workspace] WARN  o.e.m.c.i.embedder.EclipseLogger - Using platform encoding (UTF-8 actually) to copy filtered resources, i.e. build is platform dependent!
2022-09-21 06:28:29,524 [Worker-22: Building workspace] INFO  o.e.m.c.i.embedder.EclipseLogger - skip non existing resourceDirectory C:\0_SSAFY\2_workspace\1_java\Backbone_RyeoRyeo\algo_study\WebDB_Sample_hw2\src\test\resources
2022-09-21 06:28:29,524 [Worker-22: Building workspace] INFO  o.e.m.w.i.f.ResourceFilteringBuildParticipant - Changed resources require a complete clean of filtered resources of WebDB_Sample_hw2
2022-09-21 06:28:29,525 [Worker-22: Building workspace] INFO  o.e.m.w.i.f.ResourceFilteringBuildParticipant - Executing resource filtering for WebDB_Sample_hw2
2022-09-21 06:28:29,527 [Worker-22: Building workspace] WARN  o.e.m.c.i.embedder.EclipseLogger - Using platform encoding (UTF-8 actually) to copy filtered resources, i.e. build is platform dependent!
2022-09-21 06:28:29,795 [Worker-22: Building workspace] WARN  o.e.m.c.i.embedder.EclipseLogger - Using platform encoding (UTF-8 actually) to copy filtered resources, i.e. build is platform dependent!
2022-09-21 06:28:29,795 [Worker-22: Building workspace] INFO  o.e.m.c.i.embedder.EclipseLogger - skip non existing resourceDirectory C:\0_SSAFY\2_workspace\1_java\Backbone_RyeoRyeo\algo_study\WebDB_Sample_hw3\src\main\resources
2022-09-21 06:28:29,796 [Worker-22: Building workspace] WARN  o.e.m.c.i.embedder.EclipseLogger - Using platform encoding (UTF-8 actually) to copy filtered resources, i.e. build is platform dependent!
2022-09-21 06:28:29,797 [Worker-22: Building workspace] INFO  o.e.m.c.i.embedder.EclipseLogger - skip non existing resourceDirectory C:\0_SSAFY\2_workspace\1_java\Backbone_RyeoRyeo\algo_study\WebDB_Sample_hw3\src\test\resources
2022-09-21 06:28:29,797 [Worker-22: Building workspace] INFO  o.e.m.w.i.f.ResourceFilteringBuildParticipant - Changed resources require a complete clean of filtered resources of WebDB_Sample_hw3
2022-09-21 06:28:29,797 [Worker-22: Building workspace] INFO  o.e.m.w.i.f.ResourceFilteringBuildParticipant - Executing resource filtering for WebDB_Sample_hw3
2022-09-21 06:28:29,799 [Worker-22: Building workspace] WARN  o.e.m.c.i.embedder.EclipseLogger - Using platform encoding (UTF-8 actually) to copy filtered resources, i.e. build is platform dependent!
2022-09-21 06:30:56,590 [Worker-9: Resolving model org.eclipse.recommenders:index::zip:0.0.0] WARN  o.e.r.models.ModelRepository - Failed to download org.eclipse.recommenders:index::zip:0.0.0
org.eclipse.aether.resolution.ArtifactResolutionException: Could not find artifact org.eclipse.recommenders:index:zip:0.0.0-SNAPSHOT in models (http://download.eclipse.org/recommenders/models/photon/)
	at org.eclipse.aether.internal.impl.DefaultArtifactResolver.resolve(DefaultArtifactResolver.java:453) ~[na:na]
	at org.eclipse.aether.internal.impl.DefaultArtifactResolver.resolveArtifacts(DefaultArtifactResolver.java:255) ~[na:na]
	at org.eclipse.aether.internal.impl.DefaultArtifactResolver.resolveArtifact(DefaultArtifactResolver.java:232) ~[na:na]
	at org.eclipse.aether.internal.impl.DefaultRepositorySystem.resolveArtifact(DefaultRepositorySystem.java:303) ~[na:na]
	at org.eclipse.recommenders.models.ModelRepository.resolveInternal(ModelRepository.java:193) [org.eclipse.recommenders.models_2.5.4.v20180909-1132.jar:na]
	at org.eclipse.recommenders.models.ModelRepository.resolve(ModelRepository.java:172) [org.eclipse.recommenders.models_2.5.4.v20180909-1132.jar:na]
	at org.eclipse.recommenders.internal.models.rcp.EclipseModelRepository.resolve(EclipseModelRepository.java:168) [org.eclipse.recommenders.models.rcp_2.5.4.v20180909-1132.jar:na]
	at org.eclipse.recommenders.internal.models.rcp.DownloadModelArchiveJob.run(DownloadModelArchiveJob.java:76) [org.eclipse.recommenders.models.rcp_2.5.4.v20180909-1132.jar:na]
	at org.eclipse.core.internal.jobs.Worker.run(Worker.java:63) [org.eclipse.core.jobs_3.10.100.v20180817-1215.jar:na]
Caused by: org.eclipse.aether.transfer.ArtifactNotFoundException: Could not find artifact org.eclipse.recommenders:index:zip:0.0.0-SNAPSHOT in models (http://download.eclipse.org/recommenders/models/photon/)
	at org.eclipse.aether.connector.basic.ArtifactTransportListener.transferFailed(ArtifactTransportListener.java:48) ~[org.apache.maven.resolver.connector.basic_1.0.3.v20170405-0725.jar:1.0.3]
	at org.eclipse.aether.connector.basic.BasicRepositoryConnector$TaskRunner.run(BasicRepositoryConnector.java:364) ~[org.apache.maven.resolver.connector.basic_1.0.3.v20170405-0725.jar:1.0.3]
	at org.eclipse.aether.util.concurrency.RunnableErrorForwarder$1.run(RunnableErrorForwarder.java:76) ~[na:na]
	at org.eclipse.aether.connector.basic.BasicRepositoryConnector$DirectExecutor.execute(BasicRepositoryConnector.java:590) ~[org.apache.maven.resolver.connector.basic_1.0.3.v20170405-0725.jar:1.0.3]
	at org.eclipse.aether.connector.basic.BasicRepositoryConnector.get(BasicRepositoryConnector.java:258) ~[org.apache.maven.resolver.connector.basic_1.0.3.v20170405-0725.jar:1.0.3]
	at org.eclipse.aether.internal.impl.DefaultArtifactResolver.performDownloads(DefaultArtifactResolver.java:529) ~[na:na]
	at org.eclipse.aether.internal.impl.DefaultArtifactResolver.resolve(DefaultArtifactResolver.java:430) ~[na:na]
	... 8 common frames omitted
2022-09-21 06:31:51,590 [Worker-10: Building workspace] WARN  o.e.m.c.i.embedder.EclipseLogger - Using platform encoding (UTF-8 actually) to copy filtered resources, i.e. build is platform dependent!
2022-09-21 06:31:51,590 [Worker-10: Building workspace] INFO  o.e.m.c.i.embedder.EclipseLogger - skip non existing resourceDirectory C:\0_SSAFY\2_workspace\1_java\Backbone_RyeoRyeo\algo_study\WebDB_Sample_hw1\src\main\resources
2022-09-21 06:31:51,591 [Worker-10: Building workspace] WARN  o.e.m.c.i.embedder.EclipseLogger - Using platform encoding (UTF-8 actually) to copy filtered resources, i.e. build is platform dependent!
2022-09-21 06:31:51,591 [Worker-10: Building workspace] INFO  o.e.m.c.i.embedder.EclipseLogger - skip non existing resourceDirectory C:\0_SSAFY\2_workspace\1_java\Backbone_RyeoRyeo\algo_study\WebDB_Sample_hw1\src\test\resources
2022-09-22 08:01:54,096 [Worker-6: Loading available Gradle versions] INFO  c.g.t.t.d.PublishedGradleVersions - Gradle version information cache is out-of-date. Trying to update.
2022-09-22 08:01:56,947 [Worker-13: Building workspace] WARN  o.e.m.c.i.embedder.EclipseLogger - Using platform encoding (UTF-8 actually) to copy filtered resources, i.e. build is platform dependent!
2022-09-22 08:01:56,952 [Worker-13: Building workspace] INFO  o.e.m.c.i.embedder.EclipseLogger - skip non existing resourceDirectory C:\0_SSAFY\2_workspace\1_java\Backbone_RyeoRyeo\algo_study\WebDB_Sample_hw1\src\main\resources
2022-09-22 08:01:56,954 [Worker-13: Building workspace] WARN  o.e.m.c.i.embedder.EclipseLogger - Using platform encoding (UTF-8 actually) to copy filtered resources, i.e. build is platform dependent!
2022-09-22 08:01:56,955 [Worker-13: Building workspace] INFO  o.e.m.c.i.embedder.EclipseLogger - skip non existing resourceDirectory C:\0_SSAFY\2_workspace\1_java\Backbone_RyeoRyeo\algo_study\WebDB_Sample_hw1\src\test\resources
2022-09-22 08:01:58,445 [Worker-6: Building workspace] WARN  o.e.m.c.i.embedder.EclipseLogger - Using platform encoding (UTF-8 actually) to copy filtered resources, i.e. build is platform dependent!
2022-09-22 08:01:58,446 [Worker-6: Building workspace] INFO  o.e.m.c.i.embedder.EclipseLogger - skip non existing resourceDirectory C:\0_SSAFY\2_workspace\1_java\Backbone_RyeoRyeo\algo_study\WebDB_Sample_hw2\src\main\resources
2022-09-22 08:01:58,447 [Worker-6: Building workspace] WARN  o.e.m.c.i.embedder.EclipseLogger - Using platform encoding (UTF-8 actually) to copy filtered resources, i.e. build is platform dependent!
2022-09-22 08:01:58,447 [Worker-6: Building workspace] INFO  o.e.m.c.i.embedder.EclipseLogger - skip non existing resourceDirectory C:\0_SSAFY\2_workspace\1_java\Backbone_RyeoRyeo\algo_study\WebDB_Sample_hw2\src\test\resources
2022-09-22 08:01:58,483 [Worker-6: Building workspace] WARN  o.e.m.c.i.embedder.EclipseLogger - Using platform encoding (UTF-8 actually) to copy filtered resources, i.e. build is platform dependent!
2022-09-22 08:01:58,484 [Worker-6: Building workspace] INFO  o.e.m.c.i.embedder.EclipseLogger - skip non existing resourceDirectory C:\0_SSAFY\2_workspace\1_java\Backbone_RyeoRyeo\algo_study\WebDB_Sample_hw3\src\main\resources
2022-09-22 08:01:58,485 [Worker-6: Building workspace] WARN  o.e.m.c.i.embedder.EclipseLogger - Using platform encoding (UTF-8 actually) to copy filtered resources, i.e. build is platform dependent!
2022-09-22 08:01:58,485 [Worker-6: Building workspace] INFO  o.e.m.c.i.embedder.EclipseLogger - skip non existing resourceDirectory C:\0_SSAFY\2_workspace\1_java\Backbone_RyeoRyeo\algo_study\WebDB_Sample_hw3\src\test\resources
2022-09-22 08:02:51,053 [Worker-7: Building workspace] INFO  o.e.m.c.i.l.LifecycleMappingFactory - Using org.maven.ide.eclipse.wtp.WarLifecycleMapping lifecycle mapping for MavenProject: 0921_WS_Book_SPA3:0921_WS_Book_SPA3:0.0.1-SNAPSHOT @ C:\0_SSAFY\2_workspace\1_java\Backbone_RyeoRyeo\algo_study\0921_WS_Book_SPA3\pom.xml.
2022-09-22 08:02:51,715 [Worker-7: Building workspace] INFO  o.e.m.c.i.e.AbstractTransferListenerAdapter - Downloading https://repo.maven.apache.org/maven2/com/google/code/gson/gson/2.9.1/gson-2.9.1.pom
2022-09-22 08:02:51,863 [Worker-7: Building workspace] INFO  o.e.m.c.i.e.AbstractTransferListenerAdapter - Downloaded https://repo.maven.apache.org/maven2/com/google/code/gson/gson/2.9.1/gson-2.9.1.pom
2022-09-22 08:02:51,995 [Worker-7: Building workspace] INFO  o.e.m.c.i.e.AbstractTransferListenerAdapter - Downloading https://repo.maven.apache.org/maven2/com/google/code/gson/gson-parent/2.9.1/gson-parent-2.9.1.pom
2022-09-22 08:02:52,124 [Worker-7: Building workspace] INFO  o.e.m.c.i.e.AbstractTransferListenerAdapter - Downloaded https://repo.maven.apache.org/maven2/com/google/code/gson/gson-parent/2.9.1/gson-parent-2.9.1.pom
2022-09-22 08:02:52,251 [Worker-7: Building workspace] INFO  o.e.m.c.i.e.AbstractTransferListenerAdapter - Downloading https://repo.maven.apache.org/maven2/com/google/code/gson/gson/2.9.1/gson-2.9.1.jar
2022-09-22 08:02:52,690 [Worker-7: Building workspace] INFO  o.e.m.c.i.e.AbstractTransferListenerAdapter - Downloaded https://repo.maven.apache.org/maven2/com/google/code/gson/gson/2.9.1/gson-2.9.1.jar
2022-09-22 08:02:52,961 [Worker-7: Building workspace] WARN  o.e.m.c.i.embedder.EclipseLogger - Using platform encoding (UTF-8 actually) to copy filtered resources, i.e. build is platform dependent!
2022-09-22 08:02:52,962 [Worker-7: Building workspace] INFO  o.e.m.c.i.embedder.EclipseLogger - skip non existing resourceDirectory C:\0_SSAFY\2_workspace\1_java\Backbone_RyeoRyeo\algo_study\0921_WS_Book_SPA3\src\main\resources
2022-09-22 08:02:52,963 [Worker-7: Building workspace] WARN  o.e.m.c.i.embedder.EclipseLogger - Using platform encoding (UTF-8 actually) to copy filtered resources, i.e. build is platform dependent!
2022-09-22 08:02:52,963 [Worker-7: Building workspace] INFO  o.e.m.c.i.embedder.EclipseLogger - skip non existing resourceDirectory C:\0_SSAFY\2_workspace\1_java\Backbone_RyeoRyeo\algo_study\0921_WS_Book_SPA3\src\test\resources
2022-09-22 08:02:54,451 [Worker-7: Download sources and javadoc] INFO  o.e.m.c.i.e.AbstractTransferListenerAdapter - Downloading https://repo.maven.apache.org/maven2/com/google/code/gson/gson/2.9.1/gson-2.9.1-sources.jar
2022-09-22 08:02:54,853 [Worker-7: Download sources and javadoc] INFO  o.e.m.c.i.e.AbstractTransferListenerAdapter - Downloaded https://repo.maven.apache.org/maven2/com/google/code/gson/gson/2.9.1/gson-2.9.1-sources.jar
2022-09-22 08:02:54,877 [Worker-7: Download sources and javadoc] INFO  o.e.m.j.internal.DownloadSourcesJob - Downloaded sources for com.google.code.gson:gson:2.9.1
2022-09-22 08:02:55,123 [Worker-13: Building workspace] WARN  o.e.m.c.i.embedder.EclipseLogger - Using platform encoding (UTF-8 actually) to copy filtered resources, i.e. build is platform dependent!
2022-09-22 08:02:55,124 [Worker-13: Building workspace] INFO  o.e.m.c.i.embedder.EclipseLogger - skip non existing resourceDirectory C:\0_SSAFY\2_workspace\1_java\Backbone_RyeoRyeo\algo_study\0921_WS_Book_SPA3\src\main\resources
2022-09-22 08:02:55,124 [Worker-13: Building workspace] WARN  o.e.m.c.i.embedder.EclipseLogger - Using platform encoding (UTF-8 actually) to copy filtered resources, i.e. build is platform dependent!
2022-09-22 08:02:55,125 [Worker-13: Building workspace] INFO  o.e.m.c.i.embedder.EclipseLogger - skip non existing resourceDirectory C:\0_SSAFY\2_workspace\1_java\Backbone_RyeoRyeo\algo_study\0921_WS_Book_SPA3\src\test\resources
2022-09-22 08:03:15,696 [Worker-1: Building workspace] INFO  o.e.m.c.i.l.LifecycleMappingFactory - Using org.maven.ide.eclipse.wtp.WarLifecycleMapping lifecycle mapping for MavenProject: 0921_WS_Book_SPA3:0921_WS_Book_SPA3:0.0.1-SNAPSHOT @ C:\0_SSAFY\2_workspace\1_java\Backbone_RyeoRyeo\algo_study\0921_WS_async_hw1\pom.xml.
2022-09-22 08:03:15,794 [Worker-1: Building workspace] WARN  o.e.m.c.i.embedder.EclipseLogger - Using platform encoding (UTF-8 actually) to copy filtered resources, i.e. build is platform dependent!
2022-09-22 08:03:15,794 [Worker-1: Building workspace] INFO  o.e.m.c.i.embedder.EclipseLogger - skip non existing resourceDirectory C:\0_SSAFY\2_workspace\1_java\Backbone_RyeoRyeo\algo_study\0921_WS_async_hw1\src\main\resources
2022-09-22 08:03:15,795 [Worker-1: Building workspace] WARN  o.e.m.c.i.embedder.EclipseLogger - Using platform encoding (UTF-8 actually) to copy filtered resources, i.e. build is platform dependent!
2022-09-22 08:03:15,795 [Worker-1: Building workspace] INFO  o.e.m.c.i.embedder.EclipseLogger - skip non existing resourceDirectory C:\0_SSAFY\2_workspace\1_java\Backbone_RyeoRyeo\algo_study\0921_WS_async_hw1\src\test\resources
2022-09-22 08:03:19,379 [Worker-13: Building workspace] INFO  o.e.m.c.i.l.LifecycleMappingFactory - Using org.maven.ide.eclipse.wtp.WarLifecycleMapping lifecycle mapping for MavenProject: 0921_WS_Book_SPA3:0921_WS_Book_SPA3:0.0.1-SNAPSHOT @ C:\0_SSAFY\2_workspace\1_java\Backbone_RyeoRyeo\algo_study\0921_WS_async_hw2\pom.xml.
2022-09-22 08:03:19,454 [Worker-13: Building workspace] WARN  o.e.m.c.i.embedder.EclipseLogger - Using platform encoding (UTF-8 actually) to copy filtered resources, i.e. build is platform dependent!
2022-09-22 08:03:19,454 [Worker-13: Building workspace] INFO  o.e.m.c.i.embedder.EclipseLogger - skip non existing resourceDirectory C:\0_SSAFY\2_workspace\1_java\Backbone_RyeoRyeo\algo_study\0921_WS_async_hw2\src\main\resources
2022-09-22 08:03:19,455 [Worker-13: Building workspace] WARN  o.e.m.c.i.embedder.EclipseLogger - Using platform encoding (UTF-8 actually) to copy filtered resources, i.e. build is platform dependent!
2022-09-22 08:03:19,456 [Worker-13: Building workspace] INFO  o.e.m.c.i.embedder.EclipseLogger - skip non existing resourceDirectory C:\0_SSAFY\2_workspace\1_java\Backbone_RyeoRyeo\algo_study\0921_WS_async_hw2\src\test\resources
2022-09-22 08:03:36,400 [Worker-3: Building workspace] WARN  o.e.m.c.i.embedder.EclipseLogger - Using platform encoding (UTF-8 actually) to copy filtered resources, i.e. build is platform dependent!
2022-09-22 08:03:36,401 [Worker-3: Building workspace] INFO  o.e.m.c.i.embedder.EclipseLogger - skip non existing resourceDirectory C:\0_SSAFY\2_workspace\1_java\Backbone_RyeoRyeo\algo_study\0921_WS_async_hw2\src\main\resources
2022-09-22 08:03:36,403 [Worker-3: Building workspace] WARN  o.e.m.c.i.embedder.EclipseLogger - Using platform encoding (UTF-8 actually) to copy filtered resources, i.e. build is platform dependent!
2022-09-22 08:03:36,404 [Worker-3: Building workspace] INFO  o.e.m.c.i.embedder.EclipseLogger - skip non existing resourceDirectory C:\0_SSAFY\2_workspace\1_java\Backbone_RyeoRyeo\algo_study\0921_WS_async_hw2\src\test\resources
2022-09-22 08:03:55,279 [Worker-3: Building workspace] WARN  o.e.m.c.i.embedder.EclipseLogger - Using platform encoding (UTF-8 actually) to copy filtered resources, i.e. build is platform dependent!
2022-09-22 08:03:55,279 [Worker-3: Building workspace] INFO  o.e.m.c.i.embedder.EclipseLogger - skip non existing resourceDirectory C:\0_SSAFY\2_workspace\1_java\Backbone_RyeoRyeo\algo_study\0921_WS_async_hw1\src\main\resources
2022-09-22 08:03:55,280 [Worker-3: Building workspace] WARN  o.e.m.c.i.embedder.EclipseLogger - Using platform encoding (UTF-8 actually) to copy filtered resources, i.e. build is platform dependent!
2022-09-22 08:03:55,280 [Worker-3: Building workspace] INFO  o.e.m.c.i.embedder.EclipseLogger - skip non existing resourceDirectory C:\0_SSAFY\2_workspace\1_java\Backbone_RyeoRyeo\algo_study\0921_WS_async_hw1\src\test\resources
2022-09-22 09:08:53,757 [Worker-20: Building workspace] WARN  o.e.m.c.i.embedder.EclipseLogger - Using platform encoding (UTF-8 actually) to copy filtered resources, i.e. build is platform dependent!
2022-09-22 09:08:53,758 [Worker-20: Building workspace] INFO  o.e.m.c.i.embedder.EclipseLogger - skip non existing resourceDirectory C:\0_SSAFY\2_workspace\1_java\Backbone_RyeoRyeo\algo_study\0921_WS_async_hw2\src\main\resources
2022-09-22 09:08:53,759 [Worker-20: Building workspace] WARN  o.e.m.c.i.embedder.EclipseLogger - Using platform encoding (UTF-8 actually) to copy filtered resources, i.e. build is platform dependent!
2022-09-22 09:08:53,759 [Worker-20: Building workspace] INFO  o.e.m.c.i.embedder.EclipseLogger - skip non existing resourceDirectory C:\0_SSAFY\2_workspace\1_java\Backbone_RyeoRyeo\algo_study\0921_WS_async_hw2\src\test\resources
2022-09-23 05:12:44,434 [Worker-3: Loading available Gradle versions] INFO  c.g.t.t.d.PublishedGradleVersions - Gradle version information cache is up-to-date. Trying to read.
2022-09-23 05:12:47,363 [Worker-1: Building workspace] WARN  o.e.m.c.i.embedder.EclipseLogger - Using platform encoding (UTF-8 actually) to copy filtered resources, i.e. build is platform dependent!
2022-09-23 05:12:47,364 [Worker-1: Building workspace] INFO  o.e.m.c.i.embedder.EclipseLogger - skip non existing resourceDirectory C:\0_SSAFY\2_workspace\1_java\Backbone_RyeoRyeo\algo_study\0921_WS_async_hw1\src\main\resources
2022-09-23 05:12:47,366 [Worker-1: Building workspace] WARN  o.e.m.c.i.embedder.EclipseLogger - Using platform encoding (UTF-8 actually) to copy filtered resources, i.e. build is platform dependent!
2022-09-23 05:12:47,367 [Worker-1: Building workspace] INFO  o.e.m.c.i.embedder.EclipseLogger - skip non existing resourceDirectory C:\0_SSAFY\2_workspace\1_java\Backbone_RyeoRyeo\algo_study\0921_WS_async_hw1\src\test\resources
2022-09-23 05:12:48,957 [Worker-5: Building workspace] WARN  o.e.m.c.i.embedder.EclipseLogger - Using platform encoding (UTF-8 actually) to copy filtered resources, i.e. build is platform dependent!
2022-09-23 05:12:48,958 [Worker-5: Building workspace] INFO  o.e.m.c.i.embedder.EclipseLogger - skip non existing resourceDirectory C:\0_SSAFY\2_workspace\1_java\Backbone_RyeoRyeo\algo_study\0921_WS_async_hw2\src\main\resources
2022-09-23 05:12:48,959 [Worker-5: Building workspace] WARN  o.e.m.c.i.embedder.EclipseLogger - Using platform encoding (UTF-8 actually) to copy filtered resources, i.e. build is platform dependent!
2022-09-23 05:12:48,959 [Worker-5: Building workspace] INFO  o.e.m.c.i.embedder.EclipseLogger - skip non existing resourceDirectory C:\0_SSAFY\2_workspace\1_java\Backbone_RyeoRyeo\algo_study\0921_WS_async_hw2\src\test\resources
2022-09-23 05:12:49,016 [Worker-5: Building workspace] WARN  o.e.m.c.i.embedder.EclipseLogger - Using platform encoding (UTF-8 actually) to copy filtered resources, i.e. build is platform dependent!
2022-09-23 05:12:49,017 [Worker-5: Building workspace] INFO  o.e.m.c.i.embedder.EclipseLogger - skip non existing resourceDirectory C:\0_SSAFY\2_workspace\1_java\Backbone_RyeoRyeo\algo_study\WebDB_Sample_hw1\src\main\resources
2022-09-23 05:12:49,018 [Worker-5: Building workspace] WARN  o.e.m.c.i.embedder.EclipseLogger - Using platform encoding (UTF-8 actually) to copy filtered resources, i.e. build is platform dependent!
2022-09-23 05:12:49,018 [Worker-5: Building workspace] INFO  o.e.m.c.i.embedder.EclipseLogger - skip non existing resourceDirectory C:\0_SSAFY\2_workspace\1_java\Backbone_RyeoRyeo\algo_study\WebDB_Sample_hw1\src\test\resources
2022-09-23 05:12:49,058 [Worker-5: Building workspace] WARN  o.e.m.c.i.embedder.EclipseLogger - Using platform encoding (UTF-8 actually) to copy filtered resources, i.e. build is platform dependent!
2022-09-23 05:12:49,058 [Worker-5: Building workspace] INFO  o.e.m.c.i.embedder.EclipseLogger - skip non existing resourceDirectory C:\0_SSAFY\2_workspace\1_java\Backbone_RyeoRyeo\algo_study\WebDB_Sample_hw2\src\main\resources
2022-09-23 05:12:49,059 [Worker-5: Building workspace] WARN  o.e.m.c.i.embedder.EclipseLogger - Using platform encoding (UTF-8 actually) to copy filtered resources, i.e. build is platform dependent!
2022-09-23 05:12:49,059 [Worker-5: Building workspace] INFO  o.e.m.c.i.embedder.EclipseLogger - skip non existing resourceDirectory C:\0_SSAFY\2_workspace\1_java\Backbone_RyeoRyeo\algo_study\WebDB_Sample_hw2\src\test\resources
2022-09-23 05:12:49,093 [Worker-5: Building workspace] WARN  o.e.m.c.i.embedder.EclipseLogger - Using platform encoding (UTF-8 actually) to copy filtered resources, i.e. build is platform dependent!
2022-09-23 05:12:49,094 [Worker-5: Building workspace] INFO  o.e.m.c.i.embedder.EclipseLogger - skip non existing resourceDirectory C:\0_SSAFY\2_workspace\1_java\Backbone_RyeoRyeo\algo_study\WebDB_Sample_hw3\src\main\resources
2022-09-23 05:12:49,095 [Worker-5: Building workspace] WARN  o.e.m.c.i.embedder.EclipseLogger - Using platform encoding (UTF-8 actually) to copy filtered resources, i.e. build is platform dependent!
2022-09-23 05:12:49,095 [Worker-5: Building workspace] INFO  o.e.m.c.i.embedder.EclipseLogger - skip non existing resourceDirectory C:\0_SSAFY\2_workspace\1_java\Backbone_RyeoRyeo\algo_study\WebDB_Sample_hw3\src\test\resources
2022-09-23 05:13:44,353 [Worker-4: Building workspace] INFO  o.e.m.c.i.l.LifecycleMappingFactory - Using org.maven.ide.eclipse.wtp.WarLifecycleMapping lifecycle mapping for MavenProject: board3_mvc:board3_mvc:0.0.1-SNAPSHOT @ C:\0_SSAFY\2_workspace\1_java\Backbone_RyeoRyeo\Web_class\board3_mvc\pom.xml.
2022-09-23 05:13:44,924 [Worker-4: Building workspace] WARN  o.e.m.c.i.embedder.EclipseLogger - Using platform encoding (UTF-8 actually) to copy filtered resources, i.e. build is platform dependent!
2022-09-23 05:13:44,925 [Worker-4: Building workspace] INFO  o.e.m.c.i.embedder.EclipseLogger - skip non existing resourceDirectory C:\0_SSAFY\2_workspace\1_java\Backbone_RyeoRyeo\Web_class\board3_mvc\src\main\resources
2022-09-23 05:13:44,926 [Worker-4: Building workspace] WARN  o.e.m.c.i.embedder.EclipseLogger - Using platform encoding (UTF-8 actually) to copy filtered resources, i.e. build is platform dependent!
2022-09-23 05:13:44,926 [Worker-4: Building workspace] INFO  o.e.m.c.i.embedder.EclipseLogger - skip non existing resourceDirectory C:\0_SSAFY\2_workspace\1_java\Backbone_RyeoRyeo\Web_class\board3_mvc\src\test\resources
2022-09-23 05:13:46,057 [Worker-13: Building workspace] WARN  o.e.m.c.i.embedder.EclipseLogger - Using platform encoding (UTF-8 actually) to copy filtered resources, i.e. build is platform dependent!
2022-09-23 05:13:46,058 [Worker-13: Building workspace] INFO  o.e.m.c.i.embedder.EclipseLogger - skip non existing resourceDirectory C:\0_SSAFY\2_workspace\1_java\Backbone_RyeoRyeo\Web_class\board3_mvc\src\main\resources
2022-09-23 05:13:46,058 [Worker-13: Building workspace] WARN  o.e.m.c.i.embedder.EclipseLogger - Using platform encoding (UTF-8 actually) to copy filtered resources, i.e. build is platform dependent!
2022-09-23 05:13:46,060 [Worker-13: Building workspace] INFO  o.e.m.c.i.embedder.EclipseLogger - skip non existing resourceDirectory C:\0_SSAFY\2_workspace\1_java\Backbone_RyeoRyeo\Web_class\board3_mvc\src\test\resources
2022-09-23 05:17:11,150 [Worker-13: Building workspace] WARN  o.e.m.c.i.embedder.EclipseLogger - Using platform encoding (UTF-8 actually) to copy filtered resources, i.e. build is platform dependent!
2022-09-23 05:17:11,151 [Worker-13: Building workspace] INFO  o.e.m.c.i.embedder.EclipseLogger - skip non existing resourceDirectory C:\0_SSAFY\2_workspace\1_java\Backbone_RyeoRyeo\Web_class\board3_mvc\src\main\resources
2022-09-23 05:17:11,152 [Worker-13: Building workspace] WARN  o.e.m.c.i.embedder.EclipseLogger - Using platform encoding (UTF-8 actually) to copy filtered resources, i.e. build is platform dependent!
2022-09-23 05:17:11,153 [Worker-13: Building workspace] INFO  o.e.m.c.i.embedder.EclipseLogger - skip non existing resourceDirectory C:\0_SSAFY\2_workspace\1_java\Backbone_RyeoRyeo\Web_class\board3_mvc\src\test\resources
2022-09-23 05:20:26,193 [Worker-13: Building workspace] WARN  o.e.m.c.i.embedder.EclipseLogger - Using platform encoding (UTF-8 actually) to copy filtered resources, i.e. build is platform dependent!
2022-09-23 05:20:26,193 [Worker-13: Building workspace] INFO  o.e.m.c.i.embedder.EclipseLogger - skip non existing resourceDirectory C:\0_SSAFY\2_workspace\1_java\Backbone_RyeoRyeo\Web_class\board3_mvc\src\main\resources
2022-09-23 05:20:26,194 [Worker-13: Building workspace] WARN  o.e.m.c.i.embedder.EclipseLogger - Using platform encoding (UTF-8 actually) to copy filtered resources, i.e. build is platform dependent!
2022-09-23 05:20:26,195 [Worker-13: Building workspace] INFO  o.e.m.c.i.embedder.EclipseLogger - skip non existing resourceDirectory C:\0_SSAFY\2_workspace\1_java\Backbone_RyeoRyeo\Web_class\board3_mvc\src\test\resources
2022-09-23 05:22:37,292 [Worker-17: Building workspace] WARN  o.e.m.c.i.embedder.EclipseLogger - Using platform encoding (UTF-8 actually) to copy filtered resources, i.e. build is platform dependent!
2022-09-23 05:22:37,292 [Worker-17: Building workspace] INFO  o.e.m.c.i.embedder.EclipseLogger - skip non existing resourceDirectory C:\0_SSAFY\2_workspace\1_java\Backbone_RyeoRyeo\Web_class\board3_mvc\src\main\resources
2022-09-23 05:22:37,293 [Worker-17: Building workspace] WARN  o.e.m.c.i.embedder.EclipseLogger - Using platform encoding (UTF-8 actually) to copy filtered resources, i.e. build is platform dependent!
2022-09-23 05:22:37,294 [Worker-17: Building workspace] INFO  o.e.m.c.i.embedder.EclipseLogger - skip non existing resourceDirectory C:\0_SSAFY\2_workspace\1_java\Backbone_RyeoRyeo\Web_class\board3_mvc\src\test\resources
2022-09-23 05:24:40,071 [Worker-11: Building workspace] WARN  o.e.m.c.i.embedder.EclipseLogger - Using platform encoding (UTF-8 actually) to copy filtered resources, i.e. build is platform dependent!
2022-09-23 05:24:40,071 [Worker-11: Building workspace] INFO  o.e.m.c.i.embedder.EclipseLogger - skip non existing resourceDirectory C:\0_SSAFY\2_workspace\1_java\Backbone_RyeoRyeo\Web_class\board3_mvc\src\main\resources
2022-09-23 05:24:40,072 [Worker-11: Building workspace] WARN  o.e.m.c.i.embedder.EclipseLogger - Using platform encoding (UTF-8 actually) to copy filtered resources, i.e. build is platform dependent!
2022-09-23 05:24:40,073 [Worker-11: Building workspace] INFO  o.e.m.c.i.embedder.EclipseLogger - skip non existing resourceDirectory C:\0_SSAFY\2_workspace\1_java\Backbone_RyeoRyeo\Web_class\board3_mvc\src\test\resources
2022-09-23 05:24:48,115 [Worker-11: Building workspace] WARN  o.e.m.c.i.embedder.EclipseLogger - Using platform encoding (UTF-8 actually) to copy filtered resources, i.e. build is platform dependent!
2022-09-23 05:24:48,116 [Worker-11: Building workspace] INFO  o.e.m.c.i.embedder.EclipseLogger - skip non existing resourceDirectory C:\0_SSAFY\2_workspace\1_java\Backbone_RyeoRyeo\Web_class\board3_mvc\src\main\resources
2022-09-23 05:24:48,116 [Worker-11: Building workspace] WARN  o.e.m.c.i.embedder.EclipseLogger - Using platform encoding (UTF-8 actually) to copy filtered resources, i.e. build is platform dependent!
2022-09-23 05:24:48,117 [Worker-11: Building workspace] INFO  o.e.m.c.i.embedder.EclipseLogger - skip non existing resourceDirectory C:\0_SSAFY\2_workspace\1_java\Backbone_RyeoRyeo\Web_class\board3_mvc\src\test\resources
2022-09-23 05:27:43,705 [Worker-19: Building workspace] WARN  o.e.m.c.i.embedder.EclipseLogger - Using platform encoding (UTF-8 actually) to copy filtered resources, i.e. build is platform dependent!
2022-09-23 05:27:43,706 [Worker-19: Building workspace] INFO  o.e.m.c.i.embedder.EclipseLogger - skip non existing resourceDirectory C:\0_SSAFY\2_workspace\1_java\Backbone_RyeoRyeo\Web_class\board3_mvc\src\main\resources
2022-09-23 05:27:43,707 [Worker-19: Building workspace] WARN  o.e.m.c.i.embedder.EclipseLogger - Using platform encoding (UTF-8 actually) to copy filtered resources, i.e. build is platform dependent!
2022-09-23 05:27:43,707 [Worker-19: Building workspace] INFO  o.e.m.c.i.embedder.EclipseLogger - skip non existing resourceDirectory C:\0_SSAFY\2_workspace\1_java\Backbone_RyeoRyeo\Web_class\board3_mvc\src\test\resources
2022-09-23 05:28:45,977 [Worker-23: Building workspace] WARN  o.e.m.c.i.embedder.EclipseLogger - Using platform encoding (UTF-8 actually) to copy filtered resources, i.e. build is platform dependent!
2022-09-23 05:28:45,978 [Worker-23: Building workspace] INFO  o.e.m.c.i.embedder.EclipseLogger - skip non existing resourceDirectory C:\0_SSAFY\2_workspace\1_java\Backbone_RyeoRyeo\Web_class\board3_mvc\src\main\resources
2022-09-23 05:28:45,979 [Worker-23: Building workspace] WARN  o.e.m.c.i.embedder.EclipseLogger - Using platform encoding (UTF-8 actually) to copy filtered resources, i.e. build is platform dependent!
2022-09-23 05:28:45,979 [Worker-23: Building workspace] INFO  o.e.m.c.i.embedder.EclipseLogger - skip non existing resourceDirectory C:\0_SSAFY\2_workspace\1_java\Backbone_RyeoRyeo\Web_class\board3_mvc\src\test\resources
2022-09-23 05:29:06,665 [Worker-23: Building workspace] WARN  o.e.m.c.i.embedder.EclipseLogger - Using platform encoding (UTF-8 actually) to copy filtered resources, i.e. build is platform dependent!
2022-09-23 05:29:06,666 [Worker-23: Building workspace] INFO  o.e.m.c.i.embedder.EclipseLogger - skip non existing resourceDirectory C:\0_SSAFY\2_workspace\1_java\Backbone_RyeoRyeo\Web_class\board3_mvc\src\main\resources
2022-09-23 05:29:06,667 [Worker-23: Building workspace] WARN  o.e.m.c.i.embedder.EclipseLogger - Using platform encoding (UTF-8 actually) to copy filtered resources, i.e. build is platform dependent!
2022-09-23 05:29:06,667 [Worker-23: Building workspace] INFO  o.e.m.c.i.embedder.EclipseLogger - skip non existing resourceDirectory C:\0_SSAFY\2_workspace\1_java\Backbone_RyeoRyeo\Web_class\board3_mvc\src\test\resources
2022-09-23 05:33:22,826 [Worker-25: Resolving model org.eclipse.recommenders:index::zip:0.0.0] WARN  o.e.r.models.ModelRepository - Failed to download org.eclipse.recommenders:index::zip:0.0.0
org.eclipse.aether.resolution.ArtifactResolutionException: Could not find artifact org.eclipse.recommenders:index:zip:0.0.0-SNAPSHOT in models (http://download.eclipse.org/recommenders/models/photon/)
	at org.eclipse.aether.internal.impl.DefaultArtifactResolver.resolve(DefaultArtifactResolver.java:453) ~[na:na]
	at org.eclipse.aether.internal.impl.DefaultArtifactResolver.resolveArtifacts(DefaultArtifactResolver.java:255) ~[na:na]
	at org.eclipse.aether.internal.impl.DefaultArtifactResolver.resolveArtifact(DefaultArtifactResolver.java:232) ~[na:na]
	at org.eclipse.aether.internal.impl.DefaultRepositorySystem.resolveArtifact(DefaultRepositorySystem.java:303) ~[na:na]
	at org.eclipse.recommenders.models.ModelRepository.resolveInternal(ModelRepository.java:193) [org.eclipse.recommenders.models_2.5.4.v20180909-1132.jar:na]
	at org.eclipse.recommenders.models.ModelRepository.resolve(ModelRepository.java:172) [org.eclipse.recommenders.models_2.5.4.v20180909-1132.jar:na]
	at org.eclipse.recommenders.internal.models.rcp.EclipseModelRepository.resolve(EclipseModelRepository.java:168) [org.eclipse.recommenders.models.rcp_2.5.4.v20180909-1132.jar:na]
	at org.eclipse.recommenders.internal.models.rcp.DownloadModelArchiveJob.run(DownloadModelArchiveJob.java:76) [org.eclipse.recommenders.models.rcp_2.5.4.v20180909-1132.jar:na]
	at org.eclipse.core.internal.jobs.Worker.run(Worker.java:63) [org.eclipse.core.jobs_3.10.100.v20180817-1215.jar:na]
Caused by: org.eclipse.aether.transfer.ArtifactNotFoundException: Could not find artifact org.eclipse.recommenders:index:zip:0.0.0-SNAPSHOT in models (http://download.eclipse.org/recommenders/models/photon/)
	at org.eclipse.aether.connector.basic.ArtifactTransportListener.transferFailed(ArtifactTransportListener.java:48) ~[org.apache.maven.resolver.connector.basic_1.0.3.v20170405-0725.jar:1.0.3]
	at org.eclipse.aether.connector.basic.BasicRepositoryConnector$TaskRunner.run(BasicRepositoryConnector.java:364) ~[org.apache.maven.resolver.connector.basic_1.0.3.v20170405-0725.jar:1.0.3]
	at org.eclipse.aether.util.concurrency.RunnableErrorForwarder$1.run(RunnableErrorForwarder.java:76) ~[na:na]
	at org.eclipse.aether.connector.basic.BasicRepositoryConnector$DirectExecutor.execute(BasicRepositoryConnector.java:590) ~[org.apache.maven.resolver.connector.basic_1.0.3.v20170405-0725.jar:1.0.3]
	at org.eclipse.aether.connector.basic.BasicRepositoryConnector.get(BasicRepositoryConnector.java:258) ~[org.apache.maven.resolver.connector.basic_1.0.3.v20170405-0725.jar:1.0.3]
	at org.eclipse.aether.internal.impl.DefaultArtifactResolver.performDownloads(DefaultArtifactResolver.java:529) ~[na:na]
	at org.eclipse.aether.internal.impl.DefaultArtifactResolver.resolve(DefaultArtifactResolver.java:430) ~[na:na]
	... 8 common frames omitted
2022-09-23 05:33:31,122 [Worker-25: Building workspace] WARN  o.e.m.c.i.embedder.EclipseLogger - Using platform encoding (UTF-8 actually) to copy filtered resources, i.e. build is platform dependent!
2022-09-23 05:33:31,123 [Worker-25: Building workspace] INFO  o.e.m.c.i.embedder.EclipseLogger - skip non existing resourceDirectory C:\0_SSAFY\2_workspace\1_java\Backbone_RyeoRyeo\Web_class\board3_mvc\src\main\resources
2022-09-23 05:33:31,124 [Worker-25: Building workspace] WARN  o.e.m.c.i.embedder.EclipseLogger - Using platform encoding (UTF-8 actually) to copy filtered resources, i.e. build is platform dependent!
2022-09-23 05:33:31,124 [Worker-25: Building workspace] INFO  o.e.m.c.i.embedder.EclipseLogger - skip non existing resourceDirectory C:\0_SSAFY\2_workspace\1_java\Backbone_RyeoRyeo\Web_class\board3_mvc\src\test\resources
2022-09-23 05:38:43,832 [Worker-28: Building workspace] WARN  o.e.m.c.i.embedder.EclipseLogger - Using platform encoding (UTF-8 actually) to copy filtered resources, i.e. build is platform dependent!
2022-09-23 05:38:43,833 [Worker-28: Building workspace] INFO  o.e.m.c.i.embedder.EclipseLogger - skip non existing resourceDirectory C:\0_SSAFY\2_workspace\1_java\Backbone_RyeoRyeo\Web_class\board3_mvc\src\main\resources
2022-09-23 05:38:43,834 [Worker-28: Building workspace] WARN  o.e.m.c.i.embedder.EclipseLogger - Using platform encoding (UTF-8 actually) to copy filtered resources, i.e. build is platform dependent!
2022-09-23 05:38:43,834 [Worker-28: Building workspace] INFO  o.e.m.c.i.embedder.EclipseLogger - skip non existing resourceDirectory C:\0_SSAFY\2_workspace\1_java\Backbone_RyeoRyeo\Web_class\board3_mvc\src\test\resources
2022-09-23 05:40:58,234 [Worker-33: Building workspace] WARN  o.e.m.c.i.embedder.EclipseLogger - Using platform encoding (UTF-8 actually) to copy filtered resources, i.e. build is platform dependent!
2022-09-23 05:40:58,235 [Worker-33: Building workspace] INFO  o.e.m.c.i.embedder.EclipseLogger - skip non existing resourceDirectory C:\0_SSAFY\2_workspace\1_java\Backbone_RyeoRyeo\Web_class\board3_mvc\src\main\resources
2022-09-23 05:40:58,235 [Worker-33: Building workspace] WARN  o.e.m.c.i.embedder.EclipseLogger - Using platform encoding (UTF-8 actually) to copy filtered resources, i.e. build is platform dependent!
2022-09-23 05:40:58,236 [Worker-33: Building workspace] INFO  o.e.m.c.i.embedder.EclipseLogger - skip non existing resourceDirectory C:\0_SSAFY\2_workspace\1_java\Backbone_RyeoRyeo\Web_class\board3_mvc\src\test\resources
2022-09-25 23:19:07,837 [Worker-0: Loading available Gradle versions] INFO  c.g.t.t.d.PublishedGradleVersions - Gradle version information cache is up-to-date. Trying to read.
2022-09-25 23:19:13,016 [Worker-2: Building workspace] WARN  o.e.m.c.i.embedder.EclipseLogger - Using platform encoding (UTF-8 actually) to copy filtered resources, i.e. build is platform dependent!
2022-09-25 23:19:13,017 [Worker-2: Building workspace] INFO  o.e.m.c.i.embedder.EclipseLogger - skip non existing resourceDirectory C:\0_SSAFY\2_workspace\1_java\Backbone_RyeoRyeo\algo_study\0921_WS_async_hw1\src\main\resources
2022-09-25 23:19:13,018 [Worker-2: Building workspace] WARN  o.e.m.c.i.embedder.EclipseLogger - Using platform encoding (UTF-8 actually) to copy filtered resources, i.e. build is platform dependent!
2022-09-25 23:19:13,019 [Worker-2: Building workspace] INFO  o.e.m.c.i.embedder.EclipseLogger - skip non existing resourceDirectory C:\0_SSAFY\2_workspace\1_java\Backbone_RyeoRyeo\algo_study\0921_WS_async_hw1\src\test\resources
2022-09-25 23:19:14,747 [Worker-2: Building workspace] WARN  o.e.m.c.i.embedder.EclipseLogger - Using platform encoding (UTF-8 actually) to copy filtered resources, i.e. build is platform dependent!
2022-09-25 23:19:14,748 [Worker-2: Building workspace] INFO  o.e.m.c.i.embedder.EclipseLogger - skip non existing resourceDirectory C:\0_SSAFY\2_workspace\1_java\Backbone_RyeoRyeo\algo_study\0921_WS_async_hw2\src\main\resources
2022-09-25 23:19:14,749 [Worker-2: Building workspace] WARN  o.e.m.c.i.embedder.EclipseLogger - Using platform encoding (UTF-8 actually) to copy filtered resources, i.e. build is platform dependent!
2022-09-25 23:19:14,749 [Worker-2: Building workspace] INFO  o.e.m.c.i.embedder.EclipseLogger - skip non existing resourceDirectory C:\0_SSAFY\2_workspace\1_java\Backbone_RyeoRyeo\algo_study\0921_WS_async_hw2\src\test\resources
2022-09-25 23:19:14,803 [Worker-2: Building workspace] WARN  o.e.m.c.i.embedder.EclipseLogger - Using platform encoding (UTF-8 actually) to copy filtered resources, i.e. build is platform dependent!
2022-09-25 23:19:14,804 [Worker-2: Building workspace] INFO  o.e.m.c.i.embedder.EclipseLogger - skip non existing resourceDirectory C:\0_SSAFY\2_workspace\1_java\Backbone_RyeoRyeo\algo_study\WebDB_Sample_hw1\src\main\resources
2022-09-25 23:19:14,805 [Worker-2: Building workspace] WARN  o.e.m.c.i.embedder.EclipseLogger - Using platform encoding (UTF-8 actually) to copy filtered resources, i.e. build is platform dependent!
2022-09-25 23:19:14,805 [Worker-2: Building workspace] INFO  o.e.m.c.i.embedder.EclipseLogger - skip non existing resourceDirectory C:\0_SSAFY\2_workspace\1_java\Backbone_RyeoRyeo\algo_study\WebDB_Sample_hw1\src\test\resources
2022-09-25 23:19:14,842 [Worker-2: Building workspace] WARN  o.e.m.c.i.embedder.EclipseLogger - Using platform encoding (UTF-8 actually) to copy filtered resources, i.e. build is platform dependent!
2022-09-25 23:19:14,843 [Worker-2: Building workspace] INFO  o.e.m.c.i.embedder.EclipseLogger - skip non existing resourceDirectory C:\0_SSAFY\2_workspace\1_java\Backbone_RyeoRyeo\algo_study\WebDB_Sample_hw2\src\main\resources
2022-09-25 23:19:14,844 [Worker-2: Building workspace] WARN  o.e.m.c.i.embedder.EclipseLogger - Using platform encoding (UTF-8 actually) to copy filtered resources, i.e. build is platform dependent!
2022-09-25 23:19:14,844 [Worker-2: Building workspace] INFO  o.e.m.c.i.embedder.EclipseLogger - skip non existing resourceDirectory C:\0_SSAFY\2_workspace\1_java\Backbone_RyeoRyeo\algo_study\WebDB_Sample_hw2\src\test\resources
2022-09-25 23:19:14,883 [Worker-2: Building workspace] WARN  o.e.m.c.i.embedder.EclipseLogger - Using platform encoding (UTF-8 actually) to copy filtered resources, i.e. build is platform dependent!
2022-09-25 23:19:14,884 [Worker-2: Building workspace] INFO  o.e.m.c.i.embedder.EclipseLogger - skip non existing resourceDirectory C:\0_SSAFY\2_workspace\1_java\Backbone_RyeoRyeo\algo_study\WebDB_Sample_hw3\src\main\resources
2022-09-25 23:19:14,885 [Worker-2: Building workspace] WARN  o.e.m.c.i.embedder.EclipseLogger - Using platform encoding (UTF-8 actually) to copy filtered resources, i.e. build is platform dependent!
2022-09-25 23:19:14,886 [Worker-2: Building workspace] INFO  o.e.m.c.i.embedder.EclipseLogger - skip non existing resourceDirectory C:\0_SSAFY\2_workspace\1_java\Backbone_RyeoRyeo\algo_study\WebDB_Sample_hw3\src\test\resources
2022-09-25 23:19:14,988 [Worker-2: Building workspace] WARN  o.e.m.c.i.embedder.EclipseLogger - Using platform encoding (UTF-8 actually) to copy filtered resources, i.e. build is platform dependent!
2022-09-25 23:19:14,988 [Worker-2: Building workspace] INFO  o.e.m.c.i.embedder.EclipseLogger - skip non existing resourceDirectory C:\0_SSAFY\2_workspace\1_java\Backbone_RyeoRyeo\Web_class\board3_mvc\src\main\resources
2022-09-25 23:19:14,989 [Worker-2: Building workspace] WARN  o.e.m.c.i.embedder.EclipseLogger - Using platform encoding (UTF-8 actually) to copy filtered resources, i.e. build is platform dependent!
2022-09-25 23:19:14,990 [Worker-2: Building workspace] INFO  o.e.m.c.i.embedder.EclipseLogger - skip non existing resourceDirectory C:\0_SSAFY\2_workspace\1_java\Backbone_RyeoRyeo\Web_class\board3_mvc\src\test\resources
2022-09-25 23:19:28,009 [Worker-18: Building workspace] WARN  o.e.m.c.i.embedder.EclipseLogger - Using platform encoding (UTF-8 actually) to copy filtered resources, i.e. build is platform dependent!
2022-09-25 23:19:28,010 [Worker-18: Building workspace] INFO  o.e.m.c.i.embedder.EclipseLogger - skip non existing resourceDirectory C:\0_SSAFY\2_workspace\1_java\Backbone_RyeoRyeo\algo_study\WebDB_Sample_hw3\src\main\resources
2022-09-25 23:19:28,010 [Worker-18: Building workspace] WARN  o.e.m.c.i.embedder.EclipseLogger - Using platform encoding (UTF-8 actually) to copy filtered resources, i.e. build is platform dependent!
2022-09-25 23:19:28,011 [Worker-18: Building workspace] INFO  o.e.m.c.i.embedder.EclipseLogger - skip non existing resourceDirectory C:\0_SSAFY\2_workspace\1_java\Backbone_RyeoRyeo\algo_study\WebDB_Sample_hw3\src\test\resources
2022-09-26 07:10:42,122 [Worker-5: Loading available Gradle versions] INFO  c.g.t.t.d.PublishedGradleVersions - Gradle version information cache is up-to-date. Trying to read.
2022-09-26 07:10:43,718 [Worker-6: Building workspace] WARN  o.e.m.c.i.embedder.EclipseLogger - Using platform encoding (UTF-8 actually) to copy filtered resources, i.e. build is platform dependent!
2022-09-26 07:10:43,719 [Worker-6: Building workspace] INFO  o.e.m.c.i.embedder.EclipseLogger - skip non existing resourceDirectory C:\0_SSAFY\2_workspace\1_java\Backbone_RyeoRyeo\algo_study\0921_WS_async_hw1\src\main\resources
2022-09-26 07:10:43,721 [Worker-6: Building workspace] WARN  o.e.m.c.i.embedder.EclipseLogger - Using platform encoding (UTF-8 actually) to copy filtered resources, i.e. build is platform dependent!
2022-09-26 07:10:43,722 [Worker-6: Building workspace] INFO  o.e.m.c.i.embedder.EclipseLogger - skip non existing resourceDirectory C:\0_SSAFY\2_workspace\1_java\Backbone_RyeoRyeo\algo_study\0921_WS_async_hw1\src\test\resources
2022-09-26 07:10:44,196 [Worker-6: Building workspace] WARN  o.e.m.c.i.embedder.EclipseLogger - Using platform encoding (UTF-8 actually) to copy filtered resources, i.e. build is platform dependent!
2022-09-26 07:10:44,197 [Worker-6: Building workspace] INFO  o.e.m.c.i.embedder.EclipseLogger - skip non existing resourceDirectory C:\0_SSAFY\2_workspace\1_java\Backbone_RyeoRyeo\algo_study\0921_WS_async_hw2\src\main\resources
2022-09-26 07:10:44,198 [Worker-6: Building workspace] WARN  o.e.m.c.i.embedder.EclipseLogger - Using platform encoding (UTF-8 actually) to copy filtered resources, i.e. build is platform dependent!
2022-09-26 07:10:44,199 [Worker-6: Building workspace] INFO  o.e.m.c.i.embedder.EclipseLogger - skip non existing resourceDirectory C:\0_SSAFY\2_workspace\1_java\Backbone_RyeoRyeo\algo_study\0921_WS_async_hw2\src\test\resources
2022-09-26 07:10:44,229 [Worker-6: Building workspace] WARN  o.e.m.c.i.embedder.EclipseLogger - Using platform encoding (UTF-8 actually) to copy filtered resources, i.e. build is platform dependent!
2022-09-26 07:10:44,230 [Worker-6: Building workspace] INFO  o.e.m.c.i.embedder.EclipseLogger - skip non existing resourceDirectory C:\0_SSAFY\2_workspace\1_java\Backbone_RyeoRyeo\algo_study\WebDB_Sample_hw1\src\main\resources
2022-09-26 07:10:44,230 [Worker-6: Building workspace] WARN  o.e.m.c.i.embedder.EclipseLogger - Using platform encoding (UTF-8 actually) to copy filtered resources, i.e. build is platform dependent!
2022-09-26 07:10:44,231 [Worker-6: Building workspace] INFO  o.e.m.c.i.embedder.EclipseLogger - skip non existing resourceDirectory C:\0_SSAFY\2_workspace\1_java\Backbone_RyeoRyeo\algo_study\WebDB_Sample_hw1\src\test\resources
2022-09-26 07:10:44,262 [Worker-6: Building workspace] WARN  o.e.m.c.i.embedder.EclipseLogger - Using platform encoding (UTF-8 actually) to copy filtered resources, i.e. build is platform dependent!
2022-09-26 07:10:44,263 [Worker-6: Building workspace] INFO  o.e.m.c.i.embedder.EclipseLogger - skip non existing resourceDirectory C:\0_SSAFY\2_workspace\1_java\Backbone_RyeoRyeo\algo_study\WebDB_Sample_hw2\src\main\resources
2022-09-26 07:10:44,264 [Worker-6: Building workspace] WARN  o.e.m.c.i.embedder.EclipseLogger - Using platform encoding (UTF-8 actually) to copy filtered resources, i.e. build is platform dependent!
2022-09-26 07:10:44,265 [Worker-6: Building workspace] INFO  o.e.m.c.i.embedder.EclipseLogger - skip non existing resourceDirectory C:\0_SSAFY\2_workspace\1_java\Backbone_RyeoRyeo\algo_study\WebDB_Sample_hw2\src\test\resources
2022-09-26 07:10:44,293 [Worker-6: Building workspace] WARN  o.e.m.c.i.embedder.EclipseLogger - Using platform encoding (UTF-8 actually) to copy filtered resources, i.e. build is platform dependent!
2022-09-26 07:10:44,294 [Worker-6: Building workspace] INFO  o.e.m.c.i.embedder.EclipseLogger - skip non existing resourceDirectory C:\0_SSAFY\2_workspace\1_java\Backbone_RyeoRyeo\algo_study\WebDB_Sample_hw3\src\main\resources
2022-09-26 07:10:44,294 [Worker-6: Building workspace] WARN  o.e.m.c.i.embedder.EclipseLogger - Using platform encoding (UTF-8 actually) to copy filtered resources, i.e. build is platform dependent!
2022-09-26 07:10:44,295 [Worker-6: Building workspace] INFO  o.e.m.c.i.embedder.EclipseLogger - skip non existing resourceDirectory C:\0_SSAFY\2_workspace\1_java\Backbone_RyeoRyeo\algo_study\WebDB_Sample_hw3\src\test\resources
2022-09-26 07:10:44,337 [Worker-6: Building workspace] WARN  o.e.m.c.i.embedder.EclipseLogger - Using platform encoding (UTF-8 actually) to copy filtered resources, i.e. build is platform dependent!
2022-09-26 07:10:44,337 [Worker-6: Building workspace] INFO  o.e.m.c.i.embedder.EclipseLogger - skip non existing resourceDirectory C:\0_SSAFY\2_workspace\1_java\Backbone_RyeoRyeo\Web_class\board3_mvc\src\main\resources
2022-09-26 07:10:44,338 [Worker-6: Building workspace] WARN  o.e.m.c.i.embedder.EclipseLogger - Using platform encoding (UTF-8 actually) to copy filtered resources, i.e. build is platform dependent!
2022-09-26 07:10:44,339 [Worker-6: Building workspace] INFO  o.e.m.c.i.embedder.EclipseLogger - skip non existing resourceDirectory C:\0_SSAFY\2_workspace\1_java\Backbone_RyeoRyeo\Web_class\board3_mvc\src\test\resources
